<?xml version="1.0" encoding="UTF-8"?>
<testng-results skipped="0" failed="0" ignored="0" total="1" passed="1">
  <reporter-output>
  </reporter-output>
  <suite name="Surefire suite" duration-ms="73" started-at="2021-06-14T13:59:22 BST" finished-at="2021-06-14T13:59:22 BST">
    <groups>
    </groups>
    <test name="Surefire test" duration-ms="73" started-at="2021-06-14T13:59:22 BST" finished-at="2021-06-14T13:59:22 BST">
      <class name="com.xcart.mobile.AppTest">
        <test-method status="PASS" signature="shouldAnswerWithTrue()" name="shouldAnswerWithTrue" duration-ms="9" started-at="2021-06-14T13:59:22 BST" finished-at="2021-06-14T13:59:22 BST">
          <reporter-output>
          </reporter-output>
        </test-method> <!-- shouldAnswerWithTrue -->
      </class> <!-- com.xcart.mobile.AppTest -->
    </test> <!-- Surefire test -->
  </suite> <!-- Surefire suite -->
</testng-results>
