<?xml version="1.0" encoding="UTF-8"?>
<testng-results skipped="0" failed="0" ignored="0" total="1" passed="1">
  <reporter-output>
  </reporter-output>
  <suite name="Surefire suite" duration-ms="20072" started-at="2021-06-14T13:59:01 BST" finished-at="2021-06-14T13:59:21 BST">
    <groups>
    </groups>
    <test name="Surefire test" duration-ms="20072" started-at="2021-06-14T13:59:01 BST" finished-at="2021-06-14T13:59:21 BST">
      <class name="com.xcart.mobile.testsuits.TestSuite">
        <test-method status="PASS" signature="setUP()[pri:0, instance:com.xcart.mobile.testsuits.TestSuite@2b552920]" name="setUP" is-config="true" duration-ms="20000" started-at="2021-06-14T13:59:01 BST" finished-at="2021-06-14T13:59:21 BST">
          <reporter-output>
          </reporter-output>
        </test-method> <!-- setUP -->
        <test-method status="PASS" signature="test1()[pri:0, instance:com.xcart.mobile.testsuits.TestSuite@2b552920]" name="test1" duration-ms="1" started-at="2021-06-14T13:59:21 BST" finished-at="2021-06-14T13:59:21 BST">
          <reporter-output>
          </reporter-output>
        </test-method> <!-- test1 -->
      </class> <!-- com.xcart.mobile.testsuits.TestSuite -->
    </test> <!-- Surefire test -->
  </suite> <!-- Surefire suite -->
</testng-results>
